RemotePlatform/app/build/intermediates/manifest_merge_blame_file/BetaSystemUidDebug/manifest-merger-blame-Beta-SystemUid-debug-report.txt
1<?xml version="1.0" encoding="utf-8"?>
2<manifest xmlns:android="http://schemas.android.com/apk/res/android"
3    package="com.coocaa.remoteplatform"
4    android:sharedUserId="android.uid.system"
5    android:versionCode="210200134"
6    android:versionName="2.1.2.134" >
7
8    <uses-sdk
9        android:minSdkVersion="16"
9-->src\main\AndroidManifest.xml
10        android:targetSdkVersion="30" />
10-->src\main\AndroidManifest.xml
11
12    <uses-permission android:name="android.permission.FOREGROUND_SERVICE" />
12-->[:core] AndroidManifest.xml:13:5-77
12-->[:core] AndroidManifest.xml:13:22-74
13    <uses-permission android:name="android.permission.INTERNET" />
13-->[:core] AndroidManifest.xml:14:5-67
13-->[:core] AndroidManifest.xml:14:22-64
14    <uses-permission android:name="android.permission.WRITE_SETTINGS" />
14-->[:core] AndroidManifest.xml:15:5-73
14-->[:core] AndroidManifest.xml:15:22-70
15    <uses-permission android:name="android.permission.RECEIVE_BOOT_COMPLETED" /> <!-- TODO check: if change to com.tianci.push -->
15-->[:core] AndroidManifest.xml:16:5-81
15-->[:core] AndroidManifest.xml:16:22-78
16    <permission
16-->[PushLib-release-1.17.aar] AndroidManifest.xml:13:5-15:44
17        android:name="getui.permission.GetuiService.com.coocaa.remoteplatform"
17-->[PushLib-release-1.17.aar] AndroidManifest.xml:14:9-70
18        android:protectionLevel="normal" />
18-->[PushLib-release-1.17.aar] AndroidManifest.xml:15:9-41
19
20    <uses-permission android:name="android.permission.ACCESS_NETWORK_STATE" />
20-->[PushLib-release-1.17.aar] AndroidManifest.xml:18:5-79
20-->[PushLib-release-1.17.aar] AndroidManifest.xml:18:22-76
21    <uses-permission android:name="android.permission.ACCESS_WIFI_STATE" />
21-->[PushLib-release-1.17.aar] AndroidManifest.xml:19:5-76
21-->[PushLib-release-1.17.aar] AndroidManifest.xml:19:22-73
22    <uses-permission android:name="android.permission.GET_TASKS" />
22-->[PushLib-release-1.17.aar] AndroidManifest.xml:20:5-68
22-->[PushLib-release-1.17.aar] AndroidManifest.xml:20:22-65
23    <uses-permission android:name="android.permission.INSTALL_PACKAGES" />
23-->[PushLib-release-1.17.aar] AndroidManifest.xml:21:5-23:47
23-->[PushLib-release-1.17.aar] AndroidManifest.xml:22:9-59
24    <uses-permission android:name="getui.permission.GetuiService.com.coocaa.remoteplatform" />
24-->[PushLib-release-1.17.aar] AndroidManifest.xml:24:5-86
24-->[PushLib-release-1.17.aar] AndroidManifest.xml:24:22-83
25    <uses-permission android:name="coocaa.permission.ACCESS_SERVER_CONFIG" />
25-->[PushLib-release-1.17.aar] AndroidManifest.xml:25:5-78
25-->[PushLib-release-1.17.aar] AndroidManifest.xml:25:22-75
26    <uses-permission android:name="com.tianci.user.permission.READ_CONTENT" />
26-->[PushLib-release-1.17.aar] AndroidManifest.xml:26:5-79
26-->[PushLib-release-1.17.aar] AndroidManifest.xml:26:22-76
27    <uses-permission android:name="android.permission.REBOOT" />
27-->[:baseability] AndroidManifest.xml:12:5-65
27-->[:baseability] AndroidManifest.xml:12:22-62
28    <uses-permission android:name="android.permission.SHUTDOWN" />
28-->[:baseability] AndroidManifest.xml:13:5-67
28-->[:baseability] AndroidManifest.xml:13:22-64
29    <uses-permission android:name="android.permission.DUMP" />
29-->[swaiotos.support:upgrader:1.0.92] AndroidManifest.xml:15:5-63
29-->[swaiotos.support:upgrader:1.0.92] AndroidManifest.xml:15:22-60
30
31    <application
31-->src\main\AndroidManifest.xml:6:5-36:19
32        android:name="com.coocaa.remoteplatform.MyApplication"
32-->src\main\AndroidManifest.xml:7:9-38
33        android:allowBackup="true"
33-->src\main\AndroidManifest.xml:8:9-35
34        android:debuggable="true"
35        android:icon="@mipmap/ic_launcher"
35-->src\main\AndroidManifest.xml:9:9-43
36        android:label="@string/app_name"
36-->src\main\AndroidManifest.xml:10:9-41
37        android:largeHeap="true"
37-->src\main\AndroidManifest.xml:11:9-33
38        android:supportsRtl="true"
38-->src\main\AndroidManifest.xml:12:9-35
39        android:usesCleartextTraffic="true" >
39-->[:core] AndroidManifest.xml:18:18-53
40        <activity android:name="com.coocaa.remoteplatform.TestActivity" />
40-->src\main\AndroidManifest.xml:13:9-50
40-->src\main\AndroidManifest.xml:13:19-47
41
42        <meta-data
43            android:name="SOCKET_ADDRESS"
43-->src\main\AndroidManifest.xml:16:13-42
44            android:value="https://beta-fusionmedia.skysrt.com/ccp2p" />
44-->src\main\AndroidManifest.xml:17:13-46
45        <meta-data
46            android:name="HTTP_ADDRESS"
46-->src\main\AndroidManifest.xml:19:13-40
47            android:value="https://beta-fusionmedia.skysrt.com/ccp2p/" />
47-->src\main\AndroidManifest.xml:20:13-44
48        <meta-data
49            android:name="FILE_ADDRESS"
49-->src\main\AndroidManifest.xml:22:13-40
50            android:value="https://beta-fusionmedia.skysrt.com/ccp2p/file/upload" />
50-->src\main\AndroidManifest.xml:23:13-44
51        <meta-data
52            android:name="PUSH_ADDRESS"
52-->src\main\AndroidManifest.xml:25:13-40
53            android:value="172.20.151.204" />
53-->src\main\AndroidManifest.xml:26:13-44
54        <meta-data
55            android:name="PUSH_PORT"
55-->src\main\AndroidManifest.xml:28:13-37
56            android:value="50031" />
56-->src\main\AndroidManifest.xml:29:13-41
57        <meta-data
58            android:name="REQUEST_ADDRESS"
58-->src\main\AndroidManifest.xml:31:13-43
59            android:value="https://beta-fusionmedia.skysrt.com/ccdevice/control/" />
59-->src\main\AndroidManifest.xml:32:13-47
60        <meta-data
61            android:name="SOCKET_SALT"
61-->src\main\AndroidManifest.xml:34:13-39
62            android:value="MFZAa@=R!rTli+:e" />
62-->src\main\AndroidManifest.xml:35:13-43
63
64        <service
64-->[:core] AndroidManifest.xml:19:9-32:19
65            android:name="com.coocaa.remoteplatform.core.connection.push.PushReceiveService"
65-->[:core] AndroidManifest.xml:20:13-93
66            android:exported="true" >
66-->[:core] AndroidManifest.xml:21:13-36
67            <meta-data
67-->[:core] AndroidManifest.xml:22:13-24:44
68                android:name="CC_PUSH_APP_ID"
68-->[:core] AndroidManifest.xml:23:17-46
69                android:value="vq5jOXoD" />
69-->[:core] AndroidManifest.xml:24:17-41
70            <meta-data
70-->[:core] AndroidManifest.xml:25:13-27:44
71                android:name="CC_PUSH_APP_TOKEN"
71-->[:core] AndroidManifest.xml:26:17-49
72                android:value="2EsmBbDO" />
72-->[:core] AndroidManifest.xml:27:17-41
73
74            <intent-filter>
74-->[:core] AndroidManifest.xml:29:13-31:29
75                <action android:name="com.coocaa.push.PUSH" />
75-->[:core] AndroidManifest.xml:30:17-63
75-->[:core] AndroidManifest.xml:30:25-60
76            </intent-filter>
77        </service>
78        <service
78-->[:core] AndroidManifest.xml:33:9-40:19
79            android:name="com.coocaa.remoteplatform.core.service.RemotePlatformService"
79-->[:core] AndroidManifest.xml:34:13-88
80            android:exported="true"
80-->[:core] AndroidManifest.xml:35:13-36
81            android:priority="1000" >
81-->[:core] AndroidManifest.xml:36:13-36
82            <intent-filter>
82-->[:core] AndroidManifest.xml:37:13-39:29
83                <action android:name="coocaa.intent.action.remote.platform.service" />
83-->[:core] AndroidManifest.xml:38:17-87
83-->[:core] AndroidManifest.xml:38:25-84
84            </intent-filter>
85        </service>
86        <service
86-->[:core] AndroidManifest.xml:41:9-47:19
87            android:name="com.coocaa.remoteplatform.core.reply.ReplyService"
87-->[:core] AndroidManifest.xml:42:13-77
88            android:exported="true" >
88-->[:core] AndroidManifest.xml:43:13-36
89            <intent-filter>
89-->[:core] AndroidManifest.xml:44:13-46:29
90                <action android:name="coocaa.intent.action.remote.platform.reply" />
90-->[:core] AndroidManifest.xml:45:17-85
90-->[:core] AndroidManifest.xml:45:25-82
91            </intent-filter>
92        </service>
93
94        <receiver android:name="com.coocaa.remoteplatform.core.service.BootReceiver" >
94-->[:core] AndroidManifest.xml:49:9-53:20
94-->[:core] AndroidManifest.xml:49:19-85
95            <intent-filter>
95-->[:core] AndroidManifest.xml:50:13-52:29
96                <action android:name="android.intent.action.BOOT_COMPLETED" />
96-->[:core] AndroidManifest.xml:51:17-79
96-->[:core] AndroidManifest.xml:51:25-76
97            </intent-filter>
98        </receiver>
99
100        <activity
100-->[PushLib-release-1.17.aar] AndroidManifest.xml:33:9-43:20
101            android:name="com.coocaa.pushlib.MonitorActivity"
101-->[PushLib-release-1.17.aar] AndroidManifest.xml:34:13-62
102            android:multiprocess="false"
102-->[PushLib-release-1.17.aar] AndroidManifest.xml:35:13-41
103            android:process=":cc_push" >
103-->[PushLib-release-1.17.aar] AndroidManifest.xml:36:13-39
104            <intent-filter>
104-->[PushLib-release-1.17.aar] AndroidManifest.xml:37:13-42:29
105                <action android:name="android.intent.action.MAIN" />
105-->[PushLib-release-1.17.aar] AndroidManifest.xml:38:17-69
105-->[PushLib-release-1.17.aar] AndroidManifest.xml:38:25-66
106                <action android:name="com.coocaa.push.MAIN_ACT" />
106-->[PushLib-release-1.17.aar] AndroidManifest.xml:39:17-67
106-->[PushLib-release-1.17.aar] AndroidManifest.xml:39:25-64
107
108                <category android:name="android.intent.category.DEFAULT" />
108-->[PushLib-release-1.17.aar] AndroidManifest.xml:41:17-76
108-->[PushLib-release-1.17.aar] AndroidManifest.xml:41:27-73
109            </intent-filter>
110        </activity>
111        <activity android:name="com.coocaa.pushlib.ui.MessageDetailActivity" />
111-->[PushLib-release-1.17.aar] AndroidManifest.xml:44:9-80
111-->[PushLib-release-1.17.aar] AndroidManifest.xml:44:19-77
112
113        <service
113-->[PushLib-release-1.17.aar] AndroidManifest.xml:46:9-55:19
114            android:name="com.coocaa.pushlib.PushService"
114-->[PushLib-release-1.17.aar] AndroidManifest.xml:47:13-58
115            android:exported="true"
115-->[PushLib-release-1.17.aar] AndroidManifest.xml:48:13-36
116            android:process=":cc_push" >
116-->[PushLib-release-1.17.aar] AndroidManifest.xml:49:13-39
117            <intent-filter>
117-->[PushLib-release-1.17.aar] AndroidManifest.xml:50:13-54:29
118                <action android:name="com.tianci.push" />
118-->[PushLib-release-1.17.aar] AndroidManifest.xml:51:17-58
118-->[PushLib-release-1.17.aar] AndroidManifest.xml:51:25-55
119                <action android:name="com.tianci.push.action" />
119-->[PushLib-release-1.17.aar] AndroidManifest.xml:52:17-65
119-->[PushLib-release-1.17.aar] AndroidManifest.xml:52:25-62
120                <action android:name="com.tianci.push.agent" />
120-->[PushLib-release-1.17.aar] AndroidManifest.xml:53:17-64
120-->[PushLib-release-1.17.aar] AndroidManifest.xml:53:25-61
121            </intent-filter>
122        </service>
123        <service
123-->[PushLib-release-1.17.aar] AndroidManifest.xml:56:9-59:42
124            android:name="com.coocaa.pushlib.PreIntentService"
124-->[PushLib-release-1.17.aar] AndroidManifest.xml:57:13-63
125            android:exported="false"
125-->[PushLib-release-1.17.aar] AndroidManifest.xml:58:13-37
126            android:process=":cc_push" /> <!-- 配置SDK核心服务 -->
126-->[PushLib-release-1.17.aar] AndroidManifest.xml:59:13-39
127        <service android:name="com.coocaa.pushlib.third.igeXin.GeXinIntentService" /> <!-- 个推SDK配置结束 -->
127-->[PushLib-release-1.17.aar] AndroidManifest.xml:62:9-86
127-->[PushLib-release-1.17.aar] AndroidManifest.xml:62:18-83
128        <service
128-->[PushLib-release-1.17.aar] AndroidManifest.xml:64:9-67:43
129            android:name="com.coocaa.pushlib.third.igeXin.GeXinPushService"
129-->[PushLib-release-1.17.aar] AndroidManifest.xml:65:13-76
130            android:exported="true"
130-->[PushLib-release-1.17.aar] AndroidManifest.xml:66:13-36
131            android:label="PushService" />
131-->[PushLib-release-1.17.aar] AndroidManifest.xml:67:13-40
132
133        <receiver android:name="com.coocaa.pushlib.test.PushRegReceiver" >
133-->[PushLib-release-1.17.aar] AndroidManifest.xml:69:9-73:20
133-->[PushLib-release-1.17.aar] AndroidManifest.xml:69:19-73
134            <intent-filter>
134-->[PushLib-release-1.17.aar] AndroidManifest.xml:70:13-72:29
135                <action android:name="com.coocaa.push.BC.REG" />
135-->[PushLib-release-1.17.aar] AndroidManifest.xml:71:17-65
135-->[PushLib-release-1.17.aar] AndroidManifest.xml:71:25-62
136            </intent-filter>
137        </receiver>
138        <receiver android:name="com.coocaa.pushlib.test.PushMsgReceiver" >
138-->[PushLib-release-1.17.aar] AndroidManifest.xml:74:9-78:20
138-->[PushLib-release-1.17.aar] AndroidManifest.xml:74:19-73
139            <intent-filter>
139-->[PushLib-release-1.17.aar] AndroidManifest.xml:75:13-77:29
140                <action android:name="com.coocaa.push.BC.MSG" />
140-->[PushLib-release-1.17.aar] AndroidManifest.xml:76:17-65
140-->[PushLib-release-1.17.aar] AndroidManifest.xml:76:25-62
141            </intent-filter>
142        </receiver>
143        <receiver android:name="com.igexin.sdk.PushReceiver" />
143-->[PushLib-release-1.17.aar] AndroidManifest.xml:79:9-64
143-->[PushLib-release-1.17.aar] AndroidManifest.xml:79:19-61
144        <receiver android:name="com.coocaa.pushlib.receiver.RecoveryReceiver" >
144-->[PushLib-release-1.17.aar] AndroidManifest.xml:80:9-84:20
144-->[PushLib-release-1.17.aar] AndroidManifest.xml:80:19-78
145            <intent-filter>
145-->[PushLib-release-1.17.aar] AndroidManifest.xml:81:13-83:29
146                <action android:name="com.skyworth.broadcast.recovery.start" />
146-->[PushLib-release-1.17.aar] AndroidManifest.xml:82:17-80
146-->[PushLib-release-1.17.aar] AndroidManifest.xml:82:25-77
147            </intent-filter>
148        </receiver>
149
150        <meta-data
150-->[PushLib-release-1.17.aar] AndroidManifest.xml:86:9-88:54
151            android:name="PUSH_APPID"
151-->[PushLib-release-1.17.aar] AndroidManifest.xml:87:13-38
152            android:value="hIOCaSCDF98Sjjgj5MO8r8" />
152-->[PushLib-release-1.17.aar] AndroidManifest.xml:88:13-51
153        <meta-data
153-->[PushLib-release-1.17.aar] AndroidManifest.xml:89:9-91:54
154            android:name="PUSH_APPKEY"
154-->[PushLib-release-1.17.aar] AndroidManifest.xml:90:13-39
155            android:value="vjSng5TDDeAVwL1I5drbh9" />
155-->[PushLib-release-1.17.aar] AndroidManifest.xml:91:13-51
156        <meta-data
156-->[PushLib-release-1.17.aar] AndroidManifest.xml:92:9-94:54
157            android:name="PUSH_APPSECRET"
157-->[PushLib-release-1.17.aar] AndroidManifest.xml:93:13-42
158            android:value="YTtb0pv0iX88vbsxVYhkT1" />
158-->[PushLib-release-1.17.aar] AndroidManifest.xml:94:13-51
159
160        <receiver
160-->[:baseability] AndroidManifest.xml:16:9-24:20
161            android:name="com.coocaa.remoteplatform.baseability.abilities.rtc.AlarmBootReceiver"
161-->[:baseability] AndroidManifest.xml:17:13-97
162            android:enabled="true"
162-->[:baseability] AndroidManifest.xml:18:13-35
163            android:exported="true"
163-->[:baseability] AndroidManifest.xml:19:13-36
164            android:process=":baseability" >
164-->[:baseability] AndroidManifest.xml:20:13-43
165            <intent-filter>
165-->[:core] AndroidManifest.xml:50:13-52:29
166                <action android:name="android.intent.action.BOOT_COMPLETED" />
166-->[:core] AndroidManifest.xml:51:17-79
166-->[:core] AndroidManifest.xml:51:25-76
167            </intent-filter>
168        </receiver>
169        <receiver
169-->[:baseability] AndroidManifest.xml:25:9-29:46
170            android:name="com.coocaa.remoteplatform.baseability.abilities.rtc.AlarmReceiver"
170-->[:baseability] AndroidManifest.xml:26:13-93
171            android:enabled="true"
171-->[:baseability] AndroidManifest.xml:27:13-35
172            android:exported="true"
172-->[:baseability] AndroidManifest.xml:28:13-36
173            android:process=":baseability" />
173-->[:baseability] AndroidManifest.xml:29:13-43
174        <receiver
174-->[:baseability] AndroidManifest.xml:30:9-34:46
175            android:name="com.coocaa.remoteplatform.baseability.abilities.reboot.RebootAlarmBroadcastReceiver"
175-->[:baseability] AndroidManifest.xml:31:13-111
176            android:enabled="true"
176-->[:baseability] AndroidManifest.xml:32:13-35
177            android:exported="true"
177-->[:baseability] AndroidManifest.xml:33:13-36
178            android:process=":baseability" />
178-->[:baseability] AndroidManifest.xml:34:13-43
179
180        <service
180-->[:baseability] AndroidManifest.xml:36:9-47:19
181            android:name="com.coocaa.remoteplatform.baseability.BaseAbilityClient"
181-->[:baseability] AndroidManifest.xml:37:13-83
182            android:exported="true"
182-->[:baseability] AndroidManifest.xml:38:13-36
183            android:process=":baseability" >
183-->[:baseability] AndroidManifest.xml:39:13-43
184            <meta-data
184-->[:baseability] AndroidManifest.xml:40:13-42:73
185                android:name="id"
185-->[:baseability] AndroidManifest.xml:41:17-34
186                android:value="com.coocaa.remoteplatform.baseability" />
186-->[:baseability] AndroidManifest.xml:42:17-70
187
188            <intent-filter>
188-->[:baseability] AndroidManifest.xml:44:13-46:29
189                <action android:name="coocaa.intent.action.remote.platform.client" />
189-->[:baseability] AndroidManifest.xml:45:17-86
189-->[:baseability] AndroidManifest.xml:45:25-83
190            </intent-filter>
191        </service>
192        <service
192-->[swaiotos.support:upgrader:1.0.92] AndroidManifest.xml:19:9-28:19
193            android:name="com.coocaa.libs.upgrader.runtime.service.UpgraderService"
193-->[swaiotos.support:upgrader:1.0.92] AndroidManifest.xml:20:13-84
194            android:enabled="true"
194-->[swaiotos.support:upgrader:1.0.92] AndroidManifest.xml:21:13-35
195            android:exported="true" >
195-->[swaiotos.support:upgrader:1.0.92] AndroidManifest.xml:22:13-36
196            <intent-filter>
196-->[swaiotos.support:upgrader:1.0.92] AndroidManifest.xml:23:13-27:29
197                <action android:name="coocaa.intent.action.UPGRADE_SERVICE" />
197-->[swaiotos.support:upgrader:1.0.92] AndroidManifest.xml:24:17-79
197-->[swaiotos.support:upgrader:1.0.92] AndroidManifest.xml:24:25-76
198
199                <category android:name="android.intent.category.DEFAULT" />
199-->[PushLib-release-1.17.aar] AndroidManifest.xml:41:17-76
199-->[PushLib-release-1.17.aar] AndroidManifest.xml:41:27-73
200            </intent-filter>
201        </service>
202    </application>
203
204</manifest>